
> frontend@0.1.0 dev
> next dev --hostname 0.0.0.0 -p 3001

▲ Next.js 16.1.7 (Turbopack)
- Local:         http://localhost:3001
- Network:       http://0.0.0.0:3001
- Environments: .env.local

✓ Starting...
Creating turbopack project { dir: 'C:\\Users\\user\\Desktop\\deaa-hub\\frontend', testMode: true }
✓ Ready in 6.8s
○ Compiling / ...
 GET / 307 in 11.2s (compile: 10.4s, render: 853ms)
 GET /dashboard 200 in 1336ms (compile: 1025ms, render: 311ms)
 GET /login 200 in 456ms (compile: 340ms, render: 115ms)
 GET /login 200 in 199ms (compile: 13ms, render: 186ms)
 GET /dashboard 200 in 159ms (compile: 11ms, render: 149ms)
 GET /login 200 in 162ms (compile: 34ms, render: 127ms)
 GET /dashboard 200 in 177ms (compile: 12ms, render: 165ms)
 GET /students 200 in 1335ms (compile: 798ms, render: 537ms)
 GET /students 200 in 283ms (compile: 17ms, render: 265ms)
 GET /grades 200 in 696ms (compile: 369ms, render: 327ms)
 GET /grades 200 in 462ms (compile: 24ms, render: 438ms)
 GET /deliberation 200 in 600ms (compile: 378ms, render: 222ms)
 GET /deliberation 200 in 288ms (compile: 23ms, render: 264ms)
 GET /laureates 200 in 604ms (compile: 349ms, render: 255ms)
 GET /laureates 200 in 268ms (compile: 20ms, render: 248ms)
 GET /transfers 200 in 557ms (compile: 352ms, render: 205ms)
 GET /transfers 200 in 222ms (compile: 16ms, render: 206ms)
 GET /teachers 200 in 589ms (compile: 285ms, render: 304ms)
 GET /teachers 200 in 220ms (compile: 12ms, render: 208ms)
 GET /academic 200 in 581ms (compile: 321ms, render: 260ms)
 GET /academic 200 in 314ms (compile: 36ms, render: 278ms)
 GET /cours-resources 200 in 412ms (compile: 261ms, render: 151ms)
 GET /cours-resources 200 in 201ms (compile: 21ms, render: 180ms)
 GET /classes 200 in 383ms (compile: 221ms, render: 162ms)
 GET /classes 200 in 272ms (compile: 24ms, render: 248ms)
 GET /classes/cours 200 in 578ms (compile: 299ms, render: 278ms)
 GET /classes/cours 200 in 266ms (compile: 14ms, render: 251ms)
 GET /classes/transfer 200 in 467ms (compile: 270ms, render: 197ms)
 GET /classes/transfer 200 in 245ms (compile: 16ms, render: 229ms)
 GET /timetable 200 in 492ms (compile: 281ms, render: 211ms)
 GET /timetable 200 in 418ms (compile: 15ms, render: 403ms)
 GET /rooms 200 in 431ms (compile: 231ms, render: 200ms)
 GET /rooms 200 in 239ms (compile: 21ms, render: 218ms)
 GET /room-reservations 200 in 505ms (compile: 325ms, render: 180ms)
 GET /room-reservations 200 in 308ms (compile: 15ms, render: 293ms)
 GET /departments 200 in 586ms (compile: 354ms, render: 231ms)
 GET /departments 200 in 258ms (compile: 20ms, render: 238ms)
 GET /filieres 200 in 418ms (compile: 236ms, render: 182ms)
 GET /filieres 200 in 228ms (compile: 16ms, render: 212ms)
 GET /structure 200 in 602ms (compile: 311ms, render: 291ms)
 GET /structure 200 in 368ms (compile: 18ms, render: 350ms)
 GET /cycles 200 in 641ms (compile: 350ms, render: 291ms)
 GET /cycles 200 in 238ms (compile: 21ms, render: 217ms)
 GET /messages 200 in 553ms (compile: 303ms, render: 250ms)
 GET /messages 200 in 316ms (compile: 15ms, render: 301ms)
 GET /restauration 200 in 462ms (compile: 236ms, render: 226ms)
 GET /restauration 200 in 230ms (compile: 14ms, render: 216ms)
 GET /workflows 200 in 637ms (compile: 307ms, render: 329ms)
 GET /workflows 200 in 363ms (compile: 27ms, render: 336ms)
 GET /users 200 in 642ms (compile: 306ms, render: 336ms)
 GET /users 200 in 295ms (compile: 11ms, render: 284ms)
 GET /statistics 200 in 2.0s (compile: 1494ms, render: 525ms)
 GET /statistics 200 in 271ms (compile: 20ms, render: 251ms)
 GET /settings/academic-years 200 in 577ms (compile: 271ms, render: 306ms)
 GET /settings/academic-years 200 in 268ms (compile: 16ms, render: 252ms)
 GET /settings/restauration 200 in 564ms (compile: 280ms, render: 284ms)
 GET /settings/restauration 200 in 293ms (compile: 22ms, render: 270ms)
 GET /settings/document-types 200 in 491ms (compile: 248ms, render: 242ms)
 GET /settings/document-types 200 in 268ms (compile: 13ms, render: 256ms)
 GET /settings/teacher-roles 200 in 397ms (compile: 213ms, render: 184ms)
 GET /settings/teacher-roles 200 in 341ms (compile: 19ms, render: 322ms)
 GET /settings/teacher-grades 200 in 507ms (compile: 271ms, render: 235ms)
 GET /settings/teacher-grades 200 in 258ms (compile: 20ms, render: 238ms)
 GET /settings/profile-document-types 200 in 521ms (compile: 311ms, render: 210ms)
 GET /settings/profile-document-types 200 in 214ms (compile: 24ms, render: 190ms)
 GET /activity-logs 200 in 488ms (compile: 267ms, render: 221ms)
 GET /activity-logs 200 in 244ms (compile: 20ms, render: 224ms)
 GET /attendance 200 in 489ms (compile: 277ms, render: 212ms)
 GET /attendance 200 in 244ms (compile: 25ms, render: 220ms)
 GET /documents 200 in 420ms (compile: 228ms, render: 192ms)
 GET /documents 200 in 282ms (compile: 18ms, render: 264ms)
 GET /internat 200 in 518ms (compile: 291ms, render: 227ms)
 GET /internat 200 in 216ms (compile: 19ms, render: 197ms)
 GET /internat/affectations 200 in 428ms (compile: 238ms, render: 190ms)
 GET /internat/affectations 200 in 269ms (compile: 18ms, render: 250ms)
 GET /restauration/tickets 200 in 438ms (compile: 209ms, render: 229ms)
 GET /restauration/tickets 200 in 181ms (compile: 10ms, render: 171ms)
 GET /dashboard 200 in 99ms (compile: 10ms, render: 89ms)
 GET /restauration/verification 200 in 691ms (compile: 353ms, render: 338ms)
 GET /restauration/verification 200 in 222ms (compile: 14ms, render: 209ms)
 GET /settings/restauration 200 in 113ms (compile: 9ms, render: 104ms)
 GET /login 200 in 165ms (compile: 10ms, render: 155ms)
 GET /dashboard 200 in 159ms (compile: 8ms, render: 151ms)
 GET /login 200 in 56ms (compile: 9ms, render: 46ms)
 GET /dashboard 200 in 204ms (compile: 10ms, render: 194ms)
 GET /students 200 in 223ms (compile: 18ms, render: 205ms)
 GET /students 200 in 288ms (compile: 15ms, render: 273ms)
 GET /grades 200 in 230ms (compile: 14ms, render: 215ms)
 GET /grades 200 in 376ms (compile: 25ms, render: 351ms)
 GET /deliberation 200 in 178ms (compile: 12ms, render: 166ms)
 GET /deliberation 200 in 271ms (compile: 37ms, render: 234ms)
 GET /laureates 200 in 441ms (compile: 18ms, render: 423ms)
 GET /laureates 200 in 380ms (compile: 21ms, render: 359ms)
 GET /transfers 200 in 172ms (compile: 11ms, render: 161ms)
 GET /transfers 200 in 373ms (compile: 28ms, render: 344ms)
 GET /teachers 200 in 160ms (compile: 7ms, render: 153ms)
 GET /teachers 200 in 113ms (compile: 6ms, render: 106ms)
 GET /academic 200 in 337ms (compile: 19ms, render: 319ms)
 GET /academic 200 in 413ms (compile: 26ms, render: 387ms)
 GET /cours-resources 200 in 225ms (compile: 20ms, render: 205ms)
 GET /cours-resources 200 in 278ms (compile: 15ms, render: 263ms)
 GET /classes 200 in 297ms (compile: 21ms, render: 276ms)
 GET /classes 200 in 146ms (compile: 7ms, render: 139ms)
 GET /classes/cours 200 in 218ms (compile: 14ms, render: 204ms)
 GET /classes/cours 200 in 320ms (compile: 21ms, render: 299ms)
 GET /classes/transfer 200 in 148ms (compile: 14ms, render: 134ms)
 GET /classes/transfer 200 in 183ms (compile: 14ms, render: 169ms)
 GET /timetable 200 in 186ms (compile: 11ms, render: 175ms)
 GET /timetable 200 in 271ms (compile: 13ms, render: 258ms)
 GET /rooms 200 in 189ms (compile: 13ms, render: 175ms)
 GET /rooms 200 in 249ms (compile: 18ms, render: 231ms)
 GET /room-reservations 200 in 215ms (compile: 13ms, render: 201ms)
 GET /room-reservations 200 in 295ms (compile: 28ms, render: 266ms)
 GET /departments 200 in 177ms (compile: 15ms, render: 163ms)
 GET /departments 200 in 226ms (compile: 14ms, render: 212ms)
 GET /filieres 200 in 164ms (compile: 11ms, render: 153ms)
 GET /filieres 200 in 321ms (compile: 18ms, render: 303ms)
 GET /structure 200 in 156ms (compile: 16ms, render: 140ms)
 GET /structure 200 in 221ms (compile: 10ms, render: 211ms)
 GET /cycles 200 in 214ms (compile: 13ms, render: 201ms)
 GET /cycles 200 in 234ms (compile: 17ms, render: 218ms)
 GET /messages 200 in 180ms (compile: 14ms, render: 166ms)
 GET /messages 200 in 217ms (compile: 17ms, render: 200ms)
 GET /restauration 200 in 163ms (compile: 21ms, render: 142ms)
 GET /restauration 200 in 211ms (compile: 17ms, render: 193ms)
 GET /workflows 200 in 154ms (compile: 14ms, render: 140ms)
 GET /workflows 200 in 200ms (compile: 15ms, render: 185ms)
 GET /users 200 in 253ms (compile: 17ms, render: 236ms)
 GET /users 200 in 547ms (compile: 11ms, render: 536ms)
 GET /statistics 200 in 176ms (compile: 12ms, render: 164ms)
 GET /statistics 200 in 194ms (compile: 16ms, render: 178ms)
 GET /settings/academic-years 200 in 131ms (compile: 12ms, render: 119ms)
 GET /settings/academic-years 200 in 203ms (compile: 22ms, render: 181ms)
 GET /settings/restauration 200 in 154ms (compile: 11ms, render: 143ms)
 GET /settings/restauration 200 in 257ms (compile: 14ms, render: 243ms)
 GET /settings/document-types 200 in 168ms (compile: 12ms, render: 157ms)
 GET /settings/document-types 200 in 206ms (compile: 17ms, render: 189ms)
 GET /settings/teacher-roles 200 in 208ms (compile: 13ms, render: 195ms)
 GET /settings/teacher-roles 200 in 280ms (compile: 34ms, render: 246ms)
 GET /settings/teacher-grades 200 in 191ms (compile: 20ms, render: 170ms)
 GET /settings/teacher-grades 200 in 367ms (compile: 25ms, render: 341ms)
 GET /settings/profile-document-types 200 in 193ms (compile: 14ms, render: 178ms)
 GET /settings/profile-document-types 200 in 253ms (compile: 19ms, render: 234ms)
 GET /activity-logs 200 in 234ms (compile: 14ms, render: 219ms)
 GET /activity-logs 200 in 257ms (compile: 15ms, render: 242ms)
 GET /attendance 200 in 162ms (compile: 9ms, render: 153ms)
 GET /attendance 200 in 245ms (compile: 19ms, render: 226ms)
 GET /documents 200 in 206ms (compile: 18ms, render: 189ms)
 GET /documents 200 in 281ms (compile: 26ms, render: 255ms)
 GET /internat 200 in 162ms (compile: 12ms, render: 150ms)
 GET /internat 200 in 294ms (compile: 17ms, render: 278ms)
 GET /internat/affectations 200 in 167ms (compile: 11ms, render: 157ms)
 GET /internat/affectations 200 in 213ms (compile: 14ms, render: 199ms)
 GET /restauration/tickets 200 in 175ms (compile: 10ms, render: 164ms)
 GET /restauration/tickets 200 in 165ms (compile: 9ms, render: 156ms)
 GET /restauration/verification 200 in 191ms (compile: 15ms, render: 176ms)
 GET /restauration/verification 200 in 181ms (compile: 9ms, render: 173ms)
 GET /login 200 in 141ms (compile: 9ms, render: 132ms)
 GET / 307 in 317ms (compile: 59ms, render: 257ms)
 GET /dashboard 200 in 197ms (compile: 39ms, render: 158ms)
 GET /login 200 in 119ms (compile: 21ms, render: 98ms)
 GET /login 200 in 174ms (compile: 19ms, render: 155ms)
 GET /login 200 in 172ms (compile: 17ms, render: 155ms)
 GET /dashboard 200 in 132ms (compile: 21ms, render: 110ms)
 GET /cours-resources 200 in 109ms (compile: 24ms, render: 84ms)
 GET /timetable 200 in 106ms (compile: 36ms, render: 70ms)
 GET /attendance 200 in 96ms (compile: 29ms, render: 66ms)
 GET /restauration 200 in 97ms (compile: 38ms, render: 60ms)
 GET /dashboard 200 in 82ms (compile: 7ms, render: 74ms)
